[debug] [2023-01-09T11:30:33.614Z] ----------------------------------------------------------------------
[debug] [2023-01-09T11:30:33.621Z] Command:       C:\Program Files\nodejs\node.exe C:\Users\deuce\AppData\Roaming\npm\node_modules\firebase-tools\lib\bin\firebase.js init
[debug] [2023-01-09T11:30:33.622Z] CLI Version:   11.19.0
[debug] [2023-01-09T11:30:33.623Z] Platform:      win32
[debug] [2023-01-09T11:30:33.623Z] Node Version:  v19.3.0
[debug] [2023-01-09T11:30:33.623Z] Time:          Mon Jan 09 2023 12:30:33 GMT+0100 (heure normale d’Europe centrale)
[debug] [2023-01-09T11:30:33.624Z] ----------------------------------------------------------------------
[debug] 
[debug] [2023-01-09T11:30:33.643Z] > command requires scopes: ["email","openid","https://www.googleapis.com/auth/cloudplatformprojects.readonly","https://www.googleapis.com/auth/firebase","https://www.googleapis.com/auth/cloud-platform"]
[debug] [2023-01-09T11:30:33.645Z] > authorizing via signed-in user (yesdeuce@gmail.com)
[info] 
     ######## #### ########  ######## ########     ###     ######  ########
     ##        ##  ##     ## ##       ##     ##  ##   ##  ##       ##
     ######    ##  ########  ######   ########  #########  ######  ######
     ##        ##  ##    ##  ##       ##     ## ##     ##       ## ##
     ##       #### ##     ## ######## ########  ##     ##  ######  ########

You're about to initialize a Firebase project in this directory:

  C:\Users\deuce\Desktop\Angular\angular-of-heroes

[info] 
=== Project Setup
[info] 
[info] First, let's associate this project directory with a Firebase project.
[info] You can create multiple project aliases by running firebase use --add, 
[info] but for now we'll just set up a default project.
[info] 
[debug] [2023-01-09T11:30:47.180Z] >>> [apiv2][query] GET https://firebase.googleapis.com/v1beta1/projects pageSize=100
[debug] [2023-01-09T11:30:47.859Z] <<< [apiv2][status] GET https://firebase.googleapis.com/v1beta1/projects 200
[debug] [2023-01-09T11:30:47.860Z] <<< [apiv2][body] GET https://firebase.googleapis.com/v1beta1/projects [omitted]
[debug] [2023-01-09T11:31:03.361Z] ----------------------------------------------------------------------
[debug] [2023-01-09T11:31:03.367Z] Command:       C:\Program Files\nodejs\node.exe C:\Users\deuce\AppData\Roaming\npm\node_modules\firebase-tools\lib\bin\firebase.js init
[debug] [2023-01-09T11:31:03.369Z] CLI Version:   11.19.0
[debug] [2023-01-09T11:31:03.369Z] Platform:      win32
[debug] [2023-01-09T11:31:03.369Z] Node Version:  v19.3.0
[debug] [2023-01-09T11:31:03.370Z] Time:          Mon Jan 09 2023 12:31:03 GMT+0100 (heure normale d’Europe centrale)
[debug] [2023-01-09T11:31:03.370Z] ----------------------------------------------------------------------
[debug] 
[debug] [2023-01-09T11:31:03.389Z] > command requires scopes: ["email","openid","https://www.googleapis.com/auth/cloudplatformprojects.readonly","https://www.googleapis.com/auth/firebase","https://www.googleapis.com/auth/cloud-platform"]
[debug] [2023-01-09T11:31:03.390Z] > authorizing via signed-in user (yesdeuce@gmail.com)
[info] 
     ######## #### ########  ######## ########     ###     ######  ########
     ##        ##  ##     ## ##       ##     ##  ##   ##  ##       ##
     ######    ##  ########  ######   ########  #########  ######  ######
     ##        ##  ##    ##  ##       ##     ## ##     ##       ## ##
     ##       #### ##     ## ######## ########  ##     ##  ######  ########

You're about to initialize a Firebase project in this directory:

  C:\Users\deuce\Desktop\Angular\angular-of-heroes

[info] 
=== Project Setup
[info] 
[info] First, let's associate this project directory with a Firebase project.
[info] You can create multiple project aliases by running firebase use --add, 
[info] but for now we'll just set up a default project.
[info] 
[info] i  If you want to create a project in a Google Cloud organization or folder, please use "firebase projects:create" instead, and return to this command when you've created the project. 
[debug] [2023-01-09T11:31:24.749Z] >>> [apiv2][query] POST https://cloudresourcemanager.googleapis.com/v1/projects [none]
[debug] [2023-01-09T11:31:24.750Z] >>> [apiv2][body] POST https://cloudresourcemanager.googleapis.com/v1/projects {"projectId":"auth-page","name":"y"}
[debug] [2023-01-09T11:31:25.779Z] <<< [apiv2][status] POST https://cloudresourcemanager.googleapis.com/v1/projects 400
[debug] [2023-01-09T11:31:25.780Z] <<< [apiv2][body] POST https://cloudresourcemanager.googleapis.com/v1/projects {"error":{"code":400,"message":"field [display_name] has issue [project display name must be at least 4 characters]","status":"INVALID_ARGUMENT","details":[{"@type":"type.googleapis.com/google.rpc.BadRequest","fieldViolations":[{"field":"display_name","description":"project display name must be at least 4 characters"}]},{"@type":"type.googleapis.com/google.rpc.Help","links":[{"url":"https://cloud.google.com/resource-manager/reference/rest/v1/projects"}]}]}}
[debug] [2023-01-09T11:31:25.987Z] FirebaseError: HTTP Error: 400, field [display_name] has issue [project display name must be at least 4 characters]
    at responseToError (C:\Users\deuce\AppData\Roaming\npm\node_modules\firebase-tools\lib\responseToError.js:49:12)
    at RetryOperation._fn (C:\Users\deuce\AppData\Roaming\npm\node_modules\firebase-tools\lib\apiv2.js:288:77)
    at process.processTicksAndRejections (node:internal/process/task_queues:95:5)
[error] 
[error] Error: Failed to create project. See firebase-debug.log for more info.
[debug] [2023-01-09T11:31:37.826Z] ----------------------------------------------------------------------
[debug] [2023-01-09T11:31:37.834Z] Command:       C:\Program Files\nodejs\node.exe C:\Users\deuce\AppData\Roaming\npm\node_modules\firebase-tools\lib\bin\firebase.js init
[debug] [2023-01-09T11:31:37.836Z] CLI Version:   11.19.0
[debug] [2023-01-09T11:31:37.836Z] Platform:      win32
[debug] [2023-01-09T11:31:37.836Z] Node Version:  v19.3.0
[debug] [2023-01-09T11:31:37.837Z] Time:          Mon Jan 09 2023 12:31:37 GMT+0100 (heure normale d’Europe centrale)
[debug] [2023-01-09T11:31:37.837Z] ----------------------------------------------------------------------
[debug] 
[debug] [2023-01-09T11:31:37.891Z] > command requires scopes: ["email","openid","https://www.googleapis.com/auth/cloudplatformprojects.readonly","https://www.googleapis.com/auth/firebase","https://www.googleapis.com/auth/cloud-platform"]
[debug] [2023-01-09T11:31:37.894Z] > authorizing via signed-in user (yesdeuce@gmail.com)
[info] 
     ######## #### ########  ######## ########     ###     ######  ########
     ##        ##  ##     ## ##       ##     ##  ##   ##  ##       ##
     ######    ##  ########  ######   ########  #########  ######  ######
     ##        ##  ##    ##  ##       ##     ## ##     ##       ## ##
     ##       #### ##     ## ######## ########  ##     ##  ######  ########

You're about to initialize a Firebase project in this directory:

  C:\Users\deuce\Desktop\Angular\angular-of-heroes

